2017-08-07 00:46:42 INFO  Major$:34 - Biller of such category cannot be linked
2017-08-07 00:47:28 INFO  Major$:33 - Biller Linked
2017-08-07 00:47:58 INFO  Major$:33 - Biller Linked
2017-08-07 00:52:32 INFO  Major$:31 - Linking Biller with account
2017-08-07 00:53:18 INFO  Major$:31 - Linking Biller with account
2017-08-07 01:00:56 INFO  Major$:29 - Linking Biller with account
2017-08-07 01:01:36 INFO  Major$:29 - Linking Biller with account
2017-08-07 01:03:41 INFO  Major$:29 - Linking Biller with account
2017-08-07 01:08:21 INFO  Major$:28 - Linking Biller with account
2017-08-07 01:11:41 INFO  Major$:30 - Linking Biller with account
2017-08-07 01:21:13 INFO  Major$:31 - Linking Biller with account
2017-08-07 01:30:55 INFO  Major$:28 - Linking Biller with account
2017-08-07 01:32:52 INFO  Major$:28 - Linking Biller with account
2017-08-07 01:34:18 INFO  Major$:28 - Linking Biller with account
2017-08-07 01:35:16 INFO  Major$:28 - Linking Biller with account
2017-08-07 01:37:53 INFO  Major$:28 - Linking Biller with account
2017-08-07 01:39:04 INFO  Major$:28 - Linking Biller with account
2017-08-07 17:16:27 INFO  Major$:28 - Linking Biller with account
2017-08-07 17:20:45 INFO  Major$:28 - Linking Biller with account
2017-08-07 17:21:54 INFO  Major$:28 - Linking Biller with account
2017-08-07 17:26:25 INFO  Major$:28 - Linking Biller with account
2017-08-07 17:28:32 INFO  Major$:28 - Linking Biller with account
2017-08-10 21:32:53 INFO  MainClass$:18 - Executing create account method
2017-08-10 21:32:53 INFO  MainClass$:22 - Inside Create account method
2017-08-10 21:32:57 INFO  MainClass$:22 - Executing link billers method
2017-08-10 21:33:01 INFO  MainClass$:31 - Linking Biller with account 1000
2017-08-10 21:33:01 INFO  MainClass$:25 - Executing deposit salary method
2017-08-10 21:33:01 INFO  MainClass$:19 - Inside deposit salary method
2017-08-10 23:08:48 INFO  SalaryDepositService:19 - Inside deposit salary method
2017-08-10 23:17:06 INFO  UserAccountService:22 - Inside Create account method
2017-08-10 23:24:02 INFO  UserAccountService:22 - Inside Create account method
2017-08-10 23:24:10 INFO  UserAccountService:31 - Linking Biller with account 1000
2017-08-10 23:24:44 INFO  SalaryDepositService:19 - Inside deposit salary method
2017-08-10 23:24:44 INFO  UserAccountService:22 - Inside Create account method
2017-08-10 23:24:52 INFO  UserAccountService:31 - Linking Biller with account 1000
2017-08-10 23:27:13 INFO  UserAccountService:22 - Inside Create account method
2017-08-10 23:27:21 INFO  UserAccountService:31 - Linking Biller with account 1000
2017-08-11 23:59:09 INFO  SalaryDepositService:19 - Inside deposit salary method
2017-08-11 23:59:09 INFO  UserAccountService:22 - Inside Create account method
2017-08-11 23:59:17 INFO  UserAccountService:31 - Linking Biller with account 1000
